<?xml version="1.0" encoding="UTF-8" standalone="yes"?><!DOCTYPE report PUBLIC "-//JACOCO//DTD Report 1.1//EN" "report.dtd"><report name="cajanegra"><sessioninfo id="Lewas88-5fe31d5b" start="1744107834090" dump="1744107835734"/><sessioninfo id="Lewas88-67ee59c9" start="1744108017263" dump="1744108018746"/><sessioninfo id="Lewas88-ab6a6b40" start="1744108170360" dump="1744108171576"/><sessioninfo id="Lewas88-64c0203d" start="1744108186455" dump="1744108187999"/><sessioninfo id="Lewas88-ee5b16ce" start="1744108199965" dump="1744108201481"/><sessioninfo id="Lewas88-387ef504" start="1744108329443" dump="1744108330936"/><sessioninfo id="Lewas88-8c650b5a" start="1744108437341" dump="1744108438750"/><sessioninfo id="Lewas88-6ee21add" start="1744111987522" dump="1744111989627"/><sessioninfo id="Lewas88-73aae204" start="1744112022793" dump="1744112024998"/><sessioninfo id="Lewas88-402f2743" start="1744137718852" dump="1744137720356"/><sessioninfo id="Lewas88-e9443e42" start="1744137745136" dump="1744137746471"/></report>